2018-04-05 17:57:58.476 ERROR 7576 --- [freshExecutor-0] c.n.d.s.t.d.RedirectingEurekaHttpClient  : Request execution error

org.springframework.web.client.RestClientException: Error while extracting response for type [class org.springframework.cloud.netflix.eureka.http.EurekaApplications] and content type [application/json]; nested exception is org.springframework.http.converter.HttpMessageNotReadableException: JSON parse error: Unrecognized field "overriddenStatus" (class com.netflix.appinfo.InstanceInfo), not marked as ignorable; nested exception is com.fasterxml.jackson.databind.exc.UnrecognizedPropertyException: Unrecognized field "overriddenStatus" (class com.netflix.appinfo.InstanceInfo), not marked as ignorable (28 known properties: "port", "healthCheckUrl", "appGroupName", "sid", "instanceId", "countryId", "hostName", "isCoordinatingDiscoveryServer", "vipAddress", "securePort", "secureHealthCheckUrl", "overridden_status", "asgName", "app", "overriddenstatus", "leaseInfo", "dataCenterInfo", "secureVipAddress", "metadata", "status", "ipAddr", "is_dirty", "homePageUrl", "statusPageUrl", "lastUpdatedTimestamp", "lastDirtyTimestamp", "actionType", "status_without_dirty"])
 at [Source: (PushbackInputStream); line: 1, column: 1067] (through reference chain: com.netflix.discovery.converters.jackson.builder.ApplicationsJacksonBuilder["application"]->java.util.ArrayList[0]->com.netflix.discovery.shared.Application["instance"]->java.util.ArrayList[0]->com.netflix.appinfo.InstanceInfo["overriddenStatus"])
	at org.springframework.web.client.HttpMessageConverterExtractor.extractData(HttpMessageConverterExtractor.java:115) ~[spring-web-5.0.4.RELEASE.jar:5.0.4.RELEASE]
	at org.springframework.web.client.RestTemplate$ResponseEntityResponseExtractor.extractData(RestTemplate.java:1008) ~[spring-web-5.0.4.RELEASE.jar:5.0.4.RELEASE]
	at org.springframework.web.client.RestTemplate$ResponseEntityResponseExtractor.extractData(RestTemplate.java:991) ~[spring-web-5.0.4.RELEASE.jar:5.0.4.RELEASE]
	at org.springframework.web.client.RestTemplate.doExecute(RestTemplate.java:732) ~[spring-web-5.0.4.RELEASE.jar:5.0.4.RELEASE]
	at org.springframework.web.client.RestTemplate.execute(RestTemplate.java:686) ~[spring-web-5.0.4.RELEASE.jar:5.0.4.RELEASE]
	at org.springframework.web.client.RestTemplate.exchange(RestTemplate.java:602) ~[spring-web-5.0.4.RELEASE.jar:5.0.4.RELEASE]
	at org.springframework.cloud.netflix.eureka.http.RestTemplateEurekaHttpClient.getApplicationsInternal(RestTemplateEurekaHttpClient.java:148) ~[spring-cloud-netflix-eureka-client-2.0.0.M8.jar:2.0.0.M8]
	at org.springframework.cloud.netflix.eureka.http.RestTemplateEurekaHttpClient.getApplications(RestTemplateEurekaHttpClient.java:137) ~[spring-cloud-netflix-eureka-client-2.0.0.M8.jar:2.0.0.M8]
	at com.netflix.discovery.shared.transport.decorator.EurekaHttpClientDecorator$6.execute(EurekaHttpClientDecorator.java:137) [eureka-client-1.8.7.jar:1.8.7]
	at com.netflix.discovery.shared.transport.decorator.RedirectingEurekaHttpClient.execute(RedirectingEurekaHttpClient.java:89) ~[eureka-client-1.8.7.jar:1.8.7]
	at com.netflix.discovery.shared.transport.decorator.EurekaHttpClientDecorator.getApplications(EurekaHttpClientDecorator.java:134) [eureka-client-1.8.7.jar:1.8.7]
	at com.netflix.discovery.shared.transport.decorator.EurekaHttpClientDecorator$6.execute(EurekaHttpClientDecorator.java:137) [eureka-client-1.8.7.jar:1.8.7]
	at com.netflix.discovery.shared.transport.decorator.RetryableEurekaHttpClient.execute(RetryableEurekaHttpClient.java:120) [eureka-client-1.8.7.jar:1.8.7]
	at com.netflix.discovery.shared.transport.decorator.EurekaHttpClientDecorator.getApplications(EurekaHttpClientDecorator.java:134) [eureka-client-1.8.7.jar:1.8.7]
	at com.netflix.discovery.shared.transport.decorator.EurekaHttpClientDecorator$6.execute(EurekaHttpClientDecorator.java:137) [eureka-client-1.8.7.jar:1.8.7]
	at com.netflix.discovery.shared.transport.decorator.SessionedEurekaHttpClient.execute(SessionedEurekaHttpClient.java:77) [eureka-client-1.8.7.jar:1.8.7]
	at com.netflix.discovery.shared.transport.decorator.EurekaHttpClientDecorator.getApplications(EurekaHttpClientDecorator.java:134) [eureka-client-1.8.7.jar:1.8.7]
	at com.netflix.discovery.DiscoveryClient.getAndStoreFullRegistry(DiscoveryClient.java:1051) [eureka-client-1.8.7.jar:1.8.7]
	at com.netflix.discovery.DiscoveryClient.fetchRegistry(DiscoveryClient.java:965) [eureka-client-1.8.7.jar:1.8.7]
	at com.netflix.discovery.DiscoveryClient.refreshRegistry(DiscoveryClient.java:1471) [eureka-client-1.8.7.jar:1.8.7]
	at com.netflix.discovery.DiscoveryClient$CacheRefreshThread.run(DiscoveryClient.java:1438) [eureka-client-1.8.7.jar:1.8.7]
	at java.util.concurrent.Executors$RunnableAdapter.call(Executors.java:511) [na:1.8.0_162]
	at java.util.concurrent.FutureTask.run(FutureTask.java:266) [na:1.8.0_162]
	at java.util.concurrent.ThreadPoolExecutor.runWorker(ThreadPoolExecutor.java:1149) [na:1.8.0_162]
	at java.util.concurrent.ThreadPoolExecutor$Worker.run(ThreadPoolExecutor.java:624) [na:1.8.0_162]
	at java.lang.Thread.run(Thread.java:748) [na:1.8.0_162]
Caused by: org.springframework.http.converter.HttpMessageNotReadableException: JSON parse error: Unrecognized field "overriddenStatus" (class com.netflix.appinfo.InstanceInfo), not marked as ignorable; nested exception is com.fasterxml.jackson.databind.exc.UnrecognizedPropertyException: Unrecognized field "overriddenStatus" (class com.netflix.appinfo.InstanceInfo), not marked as ignorable (28 known properties: "port", "healthCheckUrl", "appGroupName", "sid", "instanceId", "countryId", "hostName", "isCoordinatingDiscoveryServer", "vipAddress", "securePort", "secureHealthCheckUrl", "overridden_status", "asgName", "app", "overriddenstatus", "leaseInfo", "dataCenterInfo", "secureVipAddress", "metadata", "status", "ipAddr", "is_dirty", "homePageUrl", "statusPageUrl", "lastUpdatedTimestamp", "lastDirtyTimestamp", "actionType", "status_without_dirty"])
 at [Source: (PushbackInputStream); line: 1, column: 1067] (through reference chain: com.netflix.discovery.converters.jackson.builder.ApplicationsJacksonBuilder["application"]->java.util.ArrayList[0]->com.netflix.discovery.shared.Application["instance"]->java.util.ArrayList[0]->com.netflix.appinfo.InstanceInfo["overriddenStatus"])
	at org.springframework.http.converter.json.AbstractJackson2HttpMessageConverter.readJavaType(AbstractJackson2HttpMessageConverter.java:241) ~[spring-web-5.0.4.RELEASE.jar:5.0.4.RELEASE]
	at org.springframework.http.converter.json.AbstractJackson2HttpMessageConverter.read(AbstractJackson2HttpMessageConverter.java:223) ~[spring-web-5.0.4.RELEASE.jar:5.0.4.RELEASE]
	at org.springframework.web.client.HttpMessageConverterExtractor.extractData(HttpMessageConverterExtractor.java:100) ~[spring-web-5.0.4.RELEASE.jar:5.0.4.RELEASE]
	... 25 common frames omitted
Caused by: com.fasterxml.jackson.databind.exc.UnrecognizedPropertyException: Unrecognized field "overriddenStatus" (class com.netflix.appinfo.InstanceInfo), not marked as ignorable (28 known properties: "port", "healthCheckUrl", "appGroupName", "sid", "instanceId", "countryId", "hostName", "isCoordinatingDiscoveryServer", "vipAddress", "securePort", "secureHealthCheckUrl", "overridden_status", "asgName", "app", "overriddenstatus", "leaseInfo", "dataCenterInfo", "secureVipAddress", "metadata", "status", "ipAddr", "is_dirty", "homePageUrl", "statusPageUrl", "lastUpdatedTimestamp", "lastDirtyTimestamp", "actionType", "status_without_dirty"])
 at [Source: (PushbackInputStream); line: 1, column: 1067] (through reference chain: com.netflix.discovery.converters.jackson.builder.ApplicationsJacksonBuilder["application"]->java.util.ArrayList[0]->com.netflix.discovery.shared.Application["instance"]->java.util.ArrayList[0]->com.netflix.appinfo.InstanceInfo["overriddenStatus"])
	at com.fasterxml.jackson.databind.exc.UnrecognizedPropertyException.from(UnrecognizedPropertyException.java:60) ~[jackson-databind-2.9.3.jar:2.9.3]
	at com.fasterxml.jackson.databind.DeserializationContext.handleUnknownProperty(DeserializationContext.java:822) ~[jackson-databind-2.9.3.jar:2.9.3]
	at com.fasterxml.jackson.databind.deser.std.StdDeserializer.handleUnknownProperty(StdDeserializer.java:1152) ~[jackson-databind-2.9.3.jar:2.9.3]
	at com.fasterxml.jackson.databind.deser.BeanDeserializerBase.handleUnknownProperty(BeanDeserializerBase.java:1567) ~[jackson-databind-2.9.3.jar:2.9.3]
	at com.fasterxml.jackson.databind.deser.BeanDeserializerBase.handleUnknownProperties(BeanDeserializerBase.java:1521) ~[jackson-databind-2.9.3.jar:2.9.3]
	at com.fasterxml.jackson.databind.deser.BeanDeserializer._deserializeUsingPropertyBased(BeanDeserializer.java:503) ~[jackson-databind-2.9.3.jar:2.9.3]
	at com.fasterxml.jackson.databind.deser.BeanDeserializerBase.deserializeFromObjectUsingNonDefault(BeanDeserializerBase.java:1265) ~[jackson-databind-2.9.3.jar:2.9.3]
	at com.fasterxml.jackson.databind.deser.BeanDeserializer.deserializeFromObject(BeanDeserializer.java:325) ~[jackson-databind-2.9.3.jar:2.9.3]
	at com.fasterxml.jackson.databind.deser.BeanDeserializer.deserialize(BeanDeserializer.java:159) ~[jackson-databind-2.9.3.jar:2.9.3]
	at com.fasterxml.jackson.databind.deser.std.CollectionDeserializer.deserialize(CollectionDeserializer.java:285) ~[jackson-databind-2.9.3.jar:2.9.3]
	at com.fasterxml.jackson.databind.deser.std.CollectionDeserializer.deserialize(CollectionDeserializer.java:244) ~[jackson-databind-2.9.3.jar:2.9.3]
	at com.fasterxml.jackson.databind.deser.std.CollectionDeserializer.deserialize(CollectionDeserializer.java:27) ~[jackson-databind-2.9.3.jar:2.9.3]
	at com.fasterxml.jackson.databind.deser.SettableBeanProperty.deserialize(SettableBeanProperty.java:519) ~[jackson-databind-2.9.3.jar:2.9.3]
	at com.fasterxml.jackson.databind.deser.BeanDeserializer._deserializeWithErrorWrapping(BeanDeserializer.java:527) ~[jackson-databind-2.9.3.jar:2.9.3]
	at com.fasterxml.jackson.databind.deser.BeanDeserializer._deserializeUsingPropertyBased(BeanDeserializer.java:416) ~[jackson-databind-2.9.3.jar:2.9.3]
	at com.fasterxml.jackson.databind.deser.BeanDeserializerBase.deserializeFromObjectUsingNonDefault(BeanDeserializerBase.java:1265) ~[jackson-databind-2.9.3.jar:2.9.3]
	at com.fasterxml.jackson.databind.deser.BeanDeserializer.deserializeFromObject(BeanDeserializer.java:325) ~[jackson-databind-2.9.3.jar:2.9.3]
	at com.fasterxml.jackson.databind.deser.BeanDeserializer.deserialize(BeanDeserializer.java:159) ~[jackson-databind-2.9.3.jar:2.9.3]
	at com.fasterxml.jackson.databind.deser.std.CollectionDeserializer.deserialize(CollectionDeserializer.java:285) ~[jackson-databind-2.9.3.jar:2.9.3]
	at com.fasterxml.jackson.databind.deser.std.CollectionDeserializer.deserialize(CollectionDeserializer.java:244) ~[jackson-databind-2.9.3.jar:2.9.3]
	at com.fasterxml.jackson.databind.deser.std.CollectionDeserializer.deserialize(CollectionDeserializer.java:27) ~[jackson-databind-2.9.3.jar:2.9.3]
	at com.fasterxml.jackson.databind.deser.impl.MethodProperty.deserializeSetAndReturn(MethodProperty.java:149) ~[jackson-databind-2.9.3.jar:2.9.3]
	at com.fasterxml.jackson.databind.deser.BuilderBasedDeserializer.vanillaDeserialize(BuilderBasedDeserializer.java:269) ~[jackson-databind-2.9.3.jar:2.9.3]
	at com.fasterxml.jackson.databind.deser.BuilderBasedDeserializer.deserialize(BuilderBasedDeserializer.java:193) ~[jackson-databind-2.9.3.jar:2.9.3]
	at com.fasterxml.jackson.databind.ObjectMapper._unwrapAndDeserialize(ObjectMapper.java:4081) ~[jackson-databind-2.9.3.jar:2.9.3]
	at com.fasterxml.jackson.databind.ObjectMapper._readMapAndClose(ObjectMapper.java:3999) ~[jackson-databind-2.9.3.jar:2.9.3]
	at com.fasterxml.jackson.databind.ObjectMapper.readValue(ObjectMapper.java:3072) ~[jackson-databind-2.9.3.jar:2.9.3]
	at org.springframework.http.converter.json.AbstractJackson2HttpMessageConverter.readJavaType(AbstractJackson2HttpMessageConverter.java:235) ~[spring-web-5.0.4.RELEASE.jar:5.0.4.RELEASE]
	... 27 common frames omitted

2018-04-05 17:57:58.483  WARN 7576 --- [freshExecutor-0] c.n.d.s.t.d.RetryableEurekaHttpClient    : Request execution failed with message: Error while extracting response for type [class org.springframework.cloud.netflix.eureka.http.EurekaApplications] and content type [application/json]; nested exception is org.springframework.http.converter.HttpMessageNotReadableException: JSON parse error: Unrecognized field "overriddenStatus" (class com.netflix.appinfo.InstanceInfo), not marked as ignorable; nested exception is com.fasterxml.jackson.databind.exc.UnrecognizedPropertyException: Unrecognized field "overriddenStatus" (class com.netflix.appinfo.InstanceInfo), not marked as ignorable (28 known properties: "port", "healthCheckUrl", "appGroupName", "sid", "instanceId", "countryId", "hostName", "isCoordinatingDiscoveryServer", "vipAddress", "securePort", "secureHealthCheckUrl", "overridden_status", "asgName", "app", "overriddenstatus", "leaseInfo", "dataCenterInfo", "secureVipAddress", "metadata", "status", "ipAddr", "is_dirty", "homePageUrl", "statusPageUrl", "lastUpdatedTimestamp", "lastDirtyTimestamp", "actionType", "status_without_dirty"])
 at [Source: (PushbackInputStream); line: 1, column: 1067] (through reference chain: com.netflix.discovery.converters.jackson.builder.ApplicationsJacksonBuilder["application"]->java.util.ArrayList[0]->com.netflix.discovery.shared.Application["instance"]->java.util.ArrayList[0]->com.netflix.appinfo.InstanceInfo["overriddenStatus"])
2018-04-05 17:57:58.509 ERROR 7576 --- [freshExecutor-0] c.n.d.s.t.d.RedirectingEurekaHttpClient  : Request execution error

org.springframework.web.client.RestClientException: Error while extracting response for type [class org.springframework.cloud.netflix.eureka.http.EurekaApplications] and content type [application/json]; nested exception is org.springframework.http.converter.HttpMessageNotReadableException: JSON parse error: Unrecognized field "overriddenStatus" (class com.netflix.appinfo.InstanceInfo), not marked as ignorable; nested exception is com.fasterxml.jackson.databind.exc.UnrecognizedPropertyException: Unrecognized field "overriddenStatus" (class com.netflix.appinfo.InstanceInfo), not marked as ignorable (28 known properties: "port", "healthCheckUrl", "appGroupName", "sid", "instanceId", "countryId", "hostName", "isCoordinatingDiscoveryServer", "vipAddress", "securePort", "secureHealthCheckUrl", "overridden_status", "asgName", "app", "overriddenstatus", "leaseInfo", "dataCenterInfo", "secureVipAddress", "metadata", "status", "ipAddr", "is_dirty", "homePageUrl", "statusPageUrl", "lastUpdatedTimestamp", "lastDirtyTimestamp", "actionType", "status_without_dirty"])
 at [Source: (PushbackInputStream); line: 1, column: 1067] (through reference chain: com.netflix.discovery.converters.jackson.builder.ApplicationsJacksonBuilder["application"]->java.util.ArrayList[0]->com.netflix.discovery.shared.Application["instance"]->java.util.ArrayList[0]->com.netflix.appinfo.InstanceInfo["overriddenStatus"])
	at org.springframework.web.client.HttpMessageConverterExtractor.extractData(HttpMessageConverterExtractor.java:115) ~[spring-web-5.0.4.RELEASE.jar:5.0.4.RELEASE]
	at org.springframework.web.client.RestTemplate$ResponseEntityResponseExtractor.extractData(RestTemplate.java:1008) ~[spring-web-5.0.4.RELEASE.jar:5.0.4.RELEASE]
	at org.springframework.web.client.RestTemplate$ResponseEntityResponseExtractor.extractData(RestTemplate.java:991) ~[spring-web-5.0.4.RELEASE.jar:5.0.4.RELEASE]
	at org.springframework.web.client.RestTemplate.doExecute(RestTemplate.java:732) ~[spring-web-5.0.4.RELEASE.jar:5.0.4.RELEASE]
	at org.springframework.web.client.RestTemplate.execute(RestTemplate.java:686) ~[spring-web-5.0.4.RELEASE.jar:5.0.4.RELEASE]
	at org.springframework.web.client.RestTemplate.exchange(RestTemplate.java:602) ~[spring-web-5.0.4.RELEASE.jar:5.0.4.RELEASE]
	at org.springframework.cloud.netflix.eureka.http.RestTemplateEurekaHttpClient.getApplicationsInternal(RestTemplateEurekaHttpClient.java:148) ~[spring-cloud-netflix-eureka-client-2.0.0.M8.jar:2.0.0.M8]
	at org.springframework.cloud.netflix.eureka.http.RestTemplateEurekaHttpClient.getApplications(RestTemplateEurekaHttpClient.java:137) ~[spring-cloud-netflix-eureka-client-2.0.0.M8.jar:2.0.0.M8]
	at com.netflix.discovery.shared.transport.decorator.EurekaHttpClientDecorator$6.execute(EurekaHttpClientDecorator.java:137) [eureka-client-1.8.7.jar:1.8.7]
	at com.netflix.discovery.shared.transport.decorator.RedirectingEurekaHttpClient.executeOnNewServer(RedirectingEurekaHttpClient.java:118) ~[eureka-client-1.8.7.jar:1.8.7]
	at com.netflix.discovery.shared.transport.decorator.RedirectingEurekaHttpClient.execute(RedirectingEurekaHttpClient.java:79) ~[eureka-client-1.8.7.jar:1.8.7]
	at com.netflix.discovery.shared.transport.decorator.EurekaHttpClientDecorator.getApplications(EurekaHttpClientDecorator.java:134) [eureka-client-1.8.7.jar:1.8.7]
	at com.netflix.discovery.shared.transport.decorator.EurekaHttpClientDecorator$6.execute(EurekaHttpClientDecorator.java:137) [eureka-client-1.8.7.jar:1.8.7]
	at com.netflix.discovery.shared.transport.decorator.RetryableEurekaHttpClient.execute(RetryableEurekaHttpClient.java:120) [eureka-client-1.8.7.jar:1.8.7]
	at com.netflix.discovery.shared.transport.decorator.EurekaHttpClientDecorator.getApplications(EurekaHttpClientDecorator.java:134) [eureka-client-1.8.7.jar:1.8.7]
	at com.netflix.discovery.shared.transport.decorator.EurekaHttpClientDecorator$6.execute(EurekaHttpClientDecorator.java:137) [eureka-client-1.8.7.jar:1.8.7]
	at com.netflix.discovery.shared.transport.decorator.SessionedEurekaHttpClient.execute(SessionedEurekaHttpClient.java:77) [eureka-client-1.8.7.jar:1.8.7]
	at com.netflix.discovery.shared.transport.decorator.EurekaHttpClientDecorator.getApplications(EurekaHttpClientDecorator.java:134) [eureka-client-1.8.7.jar:1.8.7]
	at com.netflix.discovery.DiscoveryClient.getAndStoreFullRegistry(DiscoveryClient.java:1051) [eureka-client-1.8.7.jar:1.8.7]
	at com.netflix.discovery.DiscoveryClient.fetchRegistry(DiscoveryClient.java:965) [eureka-client-1.8.7.jar:1.8.7]
	at com.netflix.discovery.DiscoveryClient.refreshRegistry(DiscoveryClient.java:1471) [eureka-client-1.8.7.jar:1.8.7]
	at com.netflix.discovery.DiscoveryClient$CacheRefreshThread.run(DiscoveryClient.java:1438) [eureka-client-1.8.7.jar:1.8.7]
	at java.util.concurrent.Executors$RunnableAdapter.call(Executors.java:511) [na:1.8.0_162]
	at java.util.concurrent.FutureTask.run(FutureTask.java:266) [na:1.8.0_162]
	at java.util.concurrent.ThreadPoolExecutor.runWorker(ThreadPoolExecutor.java:1149) [na:1.8.0_162]
	at java.util.concurrent.ThreadPoolExecutor$Worker.run(ThreadPoolExecutor.java:624) [na:1.8.0_162]
	at java.lang.Thread.run(Thread.java:748) [na:1.8.0_162]
Caused by: org.springframework.http.converter.HttpMessageNotReadableException: JSON parse error: Unrecognized field "overriddenStatus" (class com.netflix.appinfo.InstanceInfo), not marked as ignorable; nested exception is com.fasterxml.jackson.databind.exc.UnrecognizedPropertyException: Unrecognized field "overriddenStatus" (class com.netflix.appinfo.InstanceInfo), not marked as ignorable (28 known properties: "port", "healthCheckUrl", "appGroupName", "sid", "instanceId", "countryId", "hostName", "isCoordinatingDiscoveryServer", "vipAddress", "securePort", "secureHealthCheckUrl", "overridden_status", "asgName", "app", "overriddenstatus", "leaseInfo", "dataCenterInfo", "secureVipAddress", "metadata", "status", "ipAddr", "is_dirty", "homePageUrl", "statusPageUrl", "lastUpdatedTimestamp", "lastDirtyTimestamp", "actionType", "status_without_dirty"])
 at [Source: (PushbackInputStream); line: 1, column: 1067] (through reference chain: com.netflix.discovery.converters.jackson.builder.ApplicationsJacksonBuilder["application"]->java.util.ArrayList[0]->com.netflix.discovery.shared.Application["instance"]->java.util.ArrayList[0]->com.netflix.appinfo.InstanceInfo["overriddenStatus"])
	at org.springframework.http.converter.json.AbstractJackson2HttpMessageConverter.readJavaType(AbstractJackson2HttpMessageConverter.java:241) ~[spring-web-5.0.4.RELEASE.jar:5.0.4.RELEASE]
	at org.springframework.http.converter.json.AbstractJackson2HttpMessageConverter.read(AbstractJackson2HttpMessageConverter.java:223) ~[spring-web-5.0.4.RELEASE.jar:5.0.4.RELEASE]
	at org.springframework.web.client.HttpMessageConverterExtractor.extractData(HttpMessageConverterExtractor.java:100) ~[spring-web-5.0.4.RELEASE.jar:5.0.4.RELEASE]
	... 26 common frames omitted
Caused by: com.fasterxml.jackson.databind.exc.UnrecognizedPropertyException: Unrecognized field "overriddenStatus" (class com.netflix.appinfo.InstanceInfo), not marked as ignorable (28 known properties: "port", "healthCheckUrl", "appGroupName", "sid", "instanceId", "countryId", "hostName", "isCoordinatingDiscoveryServer", "vipAddress", "securePort", "secureHealthCheckUrl", "overridden_status", "asgName", "app", "overriddenstatus", "leaseInfo", "dataCenterInfo", "secureVipAddress", "metadata", "status", "ipAddr", "is_dirty", "homePageUrl", "statusPageUrl", "lastUpdatedTimestamp", "lastDirtyTimestamp", "actionType", "status_without_dirty"])
 at [Source: (PushbackInputStream); line: 1, column: 1067] (through reference chain: com.netflix.discovery.converters.jackson.builder.ApplicationsJacksonBuilder["application"]->java.util.ArrayList[0]->com.netflix.discovery.shared.Application["instance"]->java.util.ArrayList[0]->com.netflix.appinfo.InstanceInfo["overriddenStatus"])
	at com.fasterxml.jackson.databind.exc.UnrecognizedPropertyException.from(UnrecognizedPropertyException.java:60) ~[jackson-databind-2.9.3.jar:2.9.3]
	at com.fasterxml.jackson.databind.DeserializationContext.handleUnknownProperty(DeserializationContext.java:822) ~[jackson-databind-2.9.3.jar:2.9.3]
	at com.fasterxml.jackson.databind.deser.std.StdDeserializer.handleUnknownProperty(StdDeserializer.java:1152) ~[jackson-databind-2.9.3.jar:2.9.3]
	at com.fasterxml.jackson.databind.deser.BeanDeserializerBase.handleUnknownProperty(BeanDeserializerBase.java:1567) ~[jackson-databind-2.9.3.jar:2.9.3]
	at com.fasterxml.jackson.databind.deser.BeanDeserializerBase.handleUnknownProperties(BeanDeserializerBase.java:1521) ~[jackson-databind-2.9.3.jar:2.9.3]
	at com.fasterxml.jackson.databind.deser.BeanDeserializer._deserializeUsingPropertyBased(BeanDeserializer.java:503) ~[jackson-databind-2.9.3.jar:2.9.3]
	at com.fasterxml.jackson.databind.deser.BeanDeserializerBase.deserializeFromObjectUsingNonDefault(BeanDeserializerBase.java:1265) ~[jackson-databind-2.9.3.jar:2.9.3]
	at com.fasterxml.jackson.databind.deser.BeanDeserializer.deserializeFromObject(BeanDeserializer.java:325) ~[jackson-databind-2.9.3.jar:2.9.3]
	at com.fasterxml.jackson.databind.deser.BeanDeserializer.deserialize(BeanDeserializer.java:159) ~[jackson-databind-2.9.3.jar:2.9.3]
	at com.fasterxml.jackson.databind.deser.std.CollectionDeserializer.deserialize(CollectionDeserializer.java:285) ~[jackson-databind-2.9.3.jar:2.9.3]
	at com.fasterxml.jackson.databind.deser.std.CollectionDeserializer.deserialize(CollectionDeserializer.java:244) ~[jackson-databind-2.9.3.jar:2.9.3]
	at com.fasterxml.jackson.databind.deser.std.CollectionDeserializer.deserialize(CollectionDeserializer.java:27) ~[jackson-databind-2.9.3.jar:2.9.3]
	at com.fasterxml.jackson.databind.deser.SettableBeanProperty.deserialize(SettableBeanProperty.java:519) ~[jackson-databind-2.9.3.jar:2.9.3]
	at com.fasterxml.jackson.databind.deser.BeanDeserializer._deserializeWithErrorWrapping(BeanDeserializer.java:527) ~[jackson-databind-2.9.3.jar:2.9.3]
	at com.fasterxml.jackson.databind.deser.BeanDeserializer._deserializeUsingPropertyBased(BeanDeserializer.java:416) ~[jackson-databind-2.9.3.jar:2.9.3]
	at com.fasterxml.jackson.databind.deser.BeanDeserializerBase.deserializeFromObjectUsingNonDefault(BeanDeserializerBase.java:1265) ~[jackson-databind-2.9.3.jar:2.9.3]
	at com.fasterxml.jackson.databind.deser.BeanDeserializer.deserializeFromObject(BeanDeserializer.java:325) ~[jackson-databind-2.9.3.jar:2.9.3]
	at com.fasterxml.jackson.databind.deser.BeanDeserializer.deserialize(BeanDeserializer.java:159) ~[jackson-databind-2.9.3.jar:2.9.3]
	at com.fasterxml.jackson.databind.deser.std.CollectionDeserializer.deserialize(CollectionDeserializer.java:285) ~[jackson-databind-2.9.3.jar:2.9.3]
	at com.fasterxml.jackson.databind.deser.std.CollectionDeserializer.deserialize(CollectionDeserializer.java:244) ~[jackson-databind-2.9.3.jar:2.9.3]
	at com.fasterxml.jackson.databind.deser.std.CollectionDeserializer.deserialize(CollectionDeserializer.java:27) ~[jackson-databind-2.9.3.jar:2.9.3]
	at com.fasterxml.jackson.databind.deser.impl.MethodProperty.deserializeSetAndReturn(MethodProperty.java:149) ~[jackson-databind-2.9.3.jar:2.9.3]
	at com.fasterxml.jackson.databind.deser.BuilderBasedDeserializer.vanillaDeserialize(BuilderBasedDeserializer.java:269) ~[jackson-databind-2.9.3.jar:2.9.3]
	at com.fasterxml.jackson.databind.deser.BuilderBasedDeserializer.deserialize(BuilderBasedDeserializer.java:193) ~[jackson-databind-2.9.3.jar:2.9.3]
	at com.fasterxml.jackson.databind.ObjectMapper._unwrapAndDeserialize(ObjectMapper.java:4081) ~[jackson-databind-2.9.3.jar:2.9.3]
	at com.fasterxml.jackson.databind.ObjectMapper._readMapAndClose(ObjectMapper.java:3999) ~[jackson-databind-2.9.3.jar:2.9.3]
	at com.fasterxml.jackson.databind.ObjectMapper.readValue(ObjectMapper.java:3072) ~[jackson-databind-2.9.3.jar:2.9.3]
	at org.springframework.http.converter.json.AbstractJackson2HttpMessageConverter.readJavaType(AbstractJackson2HttpMessageConverter.java:235) ~[spring-web-5.0.4.RELEASE.jar:5.0.4.RELEASE]
	... 28 common frames omitted

2018-04-05 17:57:58.511  WARN 7576 --- [freshExecutor-0] c.n.d.s.t.d.RetryableEurekaHttpClient    : Request execution failed with message: Error while extracting response for type [class org.springframework.cloud.netflix.eureka.http.EurekaApplications] and content type [application/json]; nested exception is org.springframework.http.converter.HttpMessageNotReadableException: JSON parse error: Unrecognized field "overriddenStatus" (class com.netflix.appinfo.InstanceInfo), not marked as ignorable; nested exception is com.fasterxml.jackson.databind.exc.UnrecognizedPropertyException: Unrecognized field "overriddenStatus" (class com.netflix.appinfo.InstanceInfo), not marked as ignorable (28 known properties: "port", "healthCheckUrl", "appGroupName", "sid", "instanceId", "countryId", "hostName", "isCoordinatingDiscoveryServer", "vipAddress", "securePort", "secureHealthCheckUrl", "overridden_status", "asgName", "app", "overriddenstatus", "leaseInfo", "dataCenterInfo", "secureVipAddress", "metadata", "status", "ipAddr", "is_dirty", "homePageUrl", "statusPageUrl", "lastUpdatedTimestamp", "lastDirtyTimestamp", "actionType", "status_without_dirty"])
 at [Source: (PushbackInputStream); line: 1, column: 1067] (through reference chain: com.netflix.discovery.converters.jackson.builder.ApplicationsJacksonBuilder["application"]->java.util.ArrayList[0]->com.netflix.discovery.shared.Application["instance"]->java.util.ArrayList[0]->com.netflix.appinfo.InstanceInfo["overriddenStatus"])
2018-04-05 17:57:58.514 ERROR 7576 --- [freshExecutor-0] com.netflix.discovery.DiscoveryClient    : DiscoveryClient_HELLO-SERVICE/localhost:hello-service:8080 - was unable to refresh its cache! status = Cannot execute request on any known server

com.netflix.discovery.shared.transport.TransportException: Cannot execute request on any known server
	at com.netflix.discovery.shared.transport.decorator.RetryableEurekaHttpClient.execute(RetryableEurekaHttpClient.java:112) ~[eureka-client-1.8.7.jar:1.8.7]
	at com.netflix.discovery.shared.transport.decorator.EurekaHttpClientDecorator.getApplications(EurekaHttpClientDecorator.java:134) ~[eureka-client-1.8.7.jar:1.8.7]
	at com.netflix.discovery.shared.transport.decorator.EurekaHttpClientDecorator$6.execute(EurekaHttpClientDecorator.java:137) ~[eureka-client-1.8.7.jar:1.8.7]
	at com.netflix.discovery.shared.transport.decorator.SessionedEurekaHttpClient.execute(SessionedEurekaHttpClient.java:77) ~[eureka-client-1.8.7.jar:1.8.7]
	at com.netflix.discovery.shared.transport.decorator.EurekaHttpClientDecorator.getApplications(EurekaHttpClientDecorator.java:134) ~[eureka-client-1.8.7.jar:1.8.7]
	at com.netflix.discovery.DiscoveryClient.getAndStoreFullRegistry(DiscoveryClient.java:1051) [eureka-client-1.8.7.jar:1.8.7]
	at com.netflix.discovery.DiscoveryClient.fetchRegistry(DiscoveryClient.java:965) [eureka-client-1.8.7.jar:1.8.7]
	at com.netflix.discovery.DiscoveryClient.refreshRegistry(DiscoveryClient.java:1471) [eureka-client-1.8.7.jar:1.8.7]
	at com.netflix.discovery.DiscoveryClient$CacheRefreshThread.run(DiscoveryClient.java:1438) [eureka-client-1.8.7.jar:1.8.7]
	at java.util.concurrent.Executors$RunnableAdapter.call(Executors.java:511) [na:1.8.0_162]
	at java.util.concurrent.FutureTask.run(FutureTask.java:266) [na:1.8.0_162]
	at java.util.concurrent.ThreadPoolExecutor.runWorker(ThreadPoolExecutor.java:1149) [na:1.8.0_162]
	at java.util.concurrent.ThreadPoolExecutor$Worker.run(ThreadPoolExecutor.java:624) [na:1.8.0_162]
	at java.lang.Thread.run(Thread.java:748) [na:1.8.0_162]
